Analysis & Synthesis report for controle
Mon Apr 02 09:03:06 2012
Quartus II Version 9.0 Build 184 04/29/2009 Service Pack 1 SJ Web Edition


---------------------
; Table of Contents ;
---------------------
  1. Legal Notice
  2. Analysis & Synthesis Summary
  3. Analysis & Synthesis Settings
  4. Analysis & Synthesis Source Files Read
  5. Analysis & Synthesis Resource Usage Summary
  6. Analysis & Synthesis Resource Utilization by Entity
  7. State Machine - |controle|w
  8. General Register Statistics
  9. Multiplexer Restructuring Statistics (Restructuring Performed)
 10. Parameter Settings for User Entity Instance: regn:reg1
 11. Parameter Settings for User Entity Instance: trin:tri1
 12. Parameter Settings for User Entity Instance: regn:reg2
 13. Parameter Settings for User Entity Instance: trin:tri2
 14. Parameter Settings for User Entity Instance: regn:reg3
 15. Parameter Settings for User Entity Instance: trin:tri3
 16. Parameter Settings for User Entity Instance: regn:regT1
 17. Parameter Settings for User Entity Instance: trin:triT1
 18. Parameter Settings for User Entity Instance: regn:regT2
 19. Parameter Settings for User Entity Instance: trin:triT2
 20. Analysis & Synthesis Messages



----------------
; Legal Notice ;
----------------
Copyright (C) 1991-2009 Altera Corporation
Your use of Altera Corporation's design tools, logic functions 
and other software and tools, and its AMPP partner logic 
functions, and any output files from any of the foregoing 
(including device programming or simulation files), and any 
associated documentation or information are expressly subject 
to the terms and conditions of the Altera Program License 
Subscription Agreement, Altera MegaCore Function License 
Agreement, or other applicable license agreement, including, 
without limitation, that your use is for the sole purpose of 
programming logic devices manufactured by Altera and sold by 
Altera or its authorized distributors.  Please refer to the 
applicable agreement for further details.



+------------------------------------------------------------------------------+
; Analysis & Synthesis Summary                                                 ;
+-------------------------------+----------------------------------------------+
; Analysis & Synthesis Status   ; Successful - Mon Apr 02 09:03:06 2012        ;
; Quartus II Version            ; 9.0 Build 184 04/29/2009 SP 1 SJ Web Edition ;
; Revision Name                 ; controle                                     ;
; Top-level Entity Name         ; controle                                     ;
; Family                        ; Stratix II                                   ;
; Logic utilization             ; N/A                                          ;
;     Combinational ALUTs       ; 36                                           ;
;     Dedicated logic registers ; 43                                           ;
; Total registers               ; 43                                           ;
; Total pins                    ; 27                                           ;
; Total virtual pins            ; 0                                            ;
; Total block memory bits       ; 0                                            ;
; DSP block 9-bit elements      ; 0                                            ;
; Total PLLs                    ; 0                                            ;
; Total DLLs                    ; 0                                            ;
+-------------------------------+----------------------------------------------+


+--------------------------------------------------------------------------------------------------------+
; Analysis & Synthesis Settings                                                                          ;
+--------------------------------------------------------------+--------------------+--------------------+
; Option                                                       ; Setting            ; Default Value      ;
+--------------------------------------------------------------+--------------------+--------------------+
; Top-level entity name                                        ; controle           ; controle           ;
; Family name                                                  ; Stratix II         ; Stratix II         ;
; Use Generated Physical Constraints File                      ; Off                ;                    ;
; Use smart compilation                                        ; Off                ; Off                ;
; Restructure Multiplexers                                     ; Auto               ; Auto               ;
; Create Debugging Nodes for IP Cores                          ; Off                ; Off                ;
; Preserve fewer node names                                    ; On                 ; On                 ;
; Disable OpenCore Plus hardware evaluation                    ; Off                ; Off                ;
; Verilog Version                                              ; Verilog_2001       ; Verilog_2001       ;
; VHDL Version                                                 ; VHDL93             ; VHDL93             ;
; State Machine Processing                                     ; Auto               ; Auto               ;
; Safe State Machine                                           ; Off                ; Off                ;
; Extract Verilog State Machines                               ; On                 ; On                 ;
; Extract VHDL State Machines                                  ; On                 ; On                 ;
; Ignore Verilog initial constructs                            ; Off                ; Off                ;
; Iteration limit for constant Verilog loops                   ; 5000               ; 5000               ;
; Iteration limit for non-constant Verilog loops               ; 250                ; 250                ;
; Add Pass-Through Logic to Inferred RAMs                      ; On                 ; On                 ;
; Parallel Synthesis                                           ; Off                ; Off                ;
; DSP Block Balancing                                          ; Auto               ; Auto               ;
; NOT Gate Push-Back                                           ; On                 ; On                 ;
; Power-Up Don't Care                                          ; On                 ; On                 ;
; Remove Redundant Logic Cells                                 ; Off                ; Off                ;
; Remove Duplicate Registers                                   ; On                 ; On                 ;
; Ignore CARRY Buffers                                         ; Off                ; Off                ;
; Ignore CASCADE Buffers                                       ; Off                ; Off                ;
; Ignore GLOBAL Buffers                                        ; Off                ; Off                ;
; Ignore ROW GLOBAL Buffers                                    ; Off                ; Off                ;
; Ignore LCELL Buffers                                         ; Off                ; Off                ;
; Ignore SOFT Buffers                                          ; On                 ; On                 ;
; Limit AHDL Integers to 32 Bits                               ; Off                ; Off                ;
; Optimization Technique                                       ; Balanced           ; Balanced           ;
; Carry Chain Length                                           ; 70                 ; 70                 ;
; Auto Carry Chains                                            ; On                 ; On                 ;
; Auto Open-Drain Pins                                         ; On                 ; On                 ;
; Perform WYSIWYG Primitive Resynthesis                        ; Off                ; Off                ;
; Auto ROM Replacement                                         ; On                 ; On                 ;
; Auto RAM Replacement                                         ; On                 ; On                 ;
; Auto DSP Block Replacement                                   ; On                 ; On                 ;
; Auto Shift Register Replacement                              ; Auto               ; Auto               ;
; Auto Clock Enable Replacement                                ; On                 ; On                 ;
; Strict RAM Replacement                                       ; Off                ; Off                ;
; Allow Synchronous Control Signals                            ; On                 ; On                 ;
; Force Use of Synchronous Clear Signals                       ; Off                ; Off                ;
; Auto RAM Block Balancing                                     ; On                 ; On                 ;
; Auto RAM to Logic Cell Conversion                            ; Off                ; Off                ;
; Auto Resource Sharing                                        ; Off                ; Off                ;
; Allow Any RAM Size For Recognition                           ; Off                ; Off                ;
; Allow Any ROM Size For Recognition                           ; Off                ; Off                ;
; Allow Any Shift Register Size For Recognition                ; Off                ; Off                ;
; Use LogicLock Constraints during Resource Balancing          ; On                 ; On                 ;
; Ignore translate_off and synthesis_off directives            ; Off                ; Off                ;
; Timing-Driven Synthesis                                      ; Off                ; Off                ;
; Show Parameter Settings Tables in Synthesis Report           ; On                 ; On                 ;
; Ignore Maximum Fan-Out Assignments                           ; Off                ; Off                ;
; Synchronization Register Chain Length                        ; 2                  ; 2                  ;
; PowerPlay Power Optimization                                 ; Normal compilation ; Normal compilation ;
; HDL message level                                            ; Level2             ; Level2             ;
; Suppress Register Optimization Related Messages              ; Off                ; Off                ;
; Number of Removed Registers Reported in Synthesis Report     ; 100                ; 100                ;
; Number of Inverted Registers Reported in Synthesis Report    ; 100                ; 100                ;
; Clock MUX Protection                                         ; On                 ; On                 ;
; Auto Gated Clock Conversion                                  ; Off                ; Off                ;
; Block Design Naming                                          ; Auto               ; Auto               ;
; SDC constraint protection                                    ; Off                ; Off                ;
; Synthesis Effort                                             ; Auto               ; Auto               ;
; Shift Register Replacement - Allow Asynchronous Clear Signal ; On                 ; On                 ;
; Analysis & Synthesis Message Level                           ; Medium             ; Medium             ;
+--------------------------------------------------------------+--------------------+--------------------+


+-------------------------------------------------------------------------------------------------------------------------------------------------------------+
; Analysis & Synthesis Source Files Read                                                                                                                      ;
+----------------------------------+-----------------+-----------------+--------------------------------------------------------------------------------------+
; File Name with User-Entered Path ; Used in Netlist ; File Type       ; File Name with Absolute Path                                                         ;
+----------------------------------+-----------------+-----------------+--------------------------------------------------------------------------------------+
; controle.vhd                     ; yes             ; User VHDL File  ; C:/Documents and Settings/10159861/Desktop/Projeto Final/Projeto/controle.vhd        ;
; work/components.vhd              ; yes             ; User VHDL File  ; C:/Documents and Settings/10159861/Desktop/Projeto Final/Projeto/work/components.vhd ;
; work/regn.vhd                    ; yes             ; User VHDL File  ; C:/Documents and Settings/10159861/Desktop/Projeto Final/Projeto/work/regn.vhd       ;
; work/trin.vhd                    ; yes             ; User VHDL File  ; C:/Documents and Settings/10159861/Desktop/Projeto Final/Projeto/work/trin.vhd       ;
; work/ula.vhd                     ; yes             ; User VHDL File  ; C:/Documents and Settings/10159861/Desktop/Projeto Final/Projeto/work/ula.vhd        ;
+----------------------------------+-----------------+-----------------+--------------------------------------------------------------------------------------+


+-------------------------------------------------------+
; Analysis & Synthesis Resource Usage Summary           ;
+-----------------------------------------------+-------+
; Resource                                      ; Usage ;
+-----------------------------------------------+-------+
; Estimated ALUTs Used                          ; 36    ;
; Dedicated logic registers                     ; 43    ;
;                                               ;       ;
; Estimated ALUTs Unavailable                   ; 4     ;
;                                               ;       ;
; Total combinational functions                 ; 36    ;
; Combinational ALUT usage by number of inputs  ;       ;
;     -- 7 input functions                      ; 1     ;
;     -- 6 input functions                      ; 9     ;
;     -- 5 input functions                      ; 6     ;
;     -- 4 input functions                      ; 8     ;
;     -- <=3 input functions                    ; 12    ;
;                                               ;       ;
; Combinational ALUTs by mode                   ;       ;
;     -- normal mode                            ; 30    ;
;     -- extended LUT mode                      ; 1     ;
;     -- arithmetic mode                        ; 5     ;
;     -- shared arithmetic mode                 ; 0     ;
;                                               ;       ;
; Estimated ALUT/register pairs used            ; 58    ;
;                                               ;       ;
; Total registers                               ; 43    ;
;     -- Dedicated logic registers              ; 43    ;
;     -- I/O registers                          ; 0     ;
;                                               ;       ;
; Estimated ALMs:  partially or completely used ; 29    ;
;                                               ;       ;
; I/O pins                                      ; 27    ;
; Maximum fan-out node                          ; Clock ;
; Maximum fan-out                               ; 43    ;
; Total fan-out                                 ; 309   ;
; Average fan-out                               ; 2.92  ;
+-----------------------------------------------+-------+


+------------------------------------------------------------------------------------------------------------------------------------------------------------------------------------------------+
; Analysis & Synthesis Resource Utilization by Entity                                                                                                                                            ;
+----------------------------+-------------------+--------------+-------------------+--------------+---------+-----------+-----------+------+--------------+----------------------+--------------+
; Compilation Hierarchy Node ; LC Combinationals ; LC Registers ; Block Memory Bits ; DSP Elements ; DSP 9x9 ; DSP 18x18 ; DSP 36x36 ; Pins ; Virtual Pins ; Full Hierarchy Name  ; Library Name ;
+----------------------------+-------------------+--------------+-------------------+--------------+---------+-----------+-----------+------+--------------+----------------------+--------------+
; |controle                  ; 36 (22)           ; 43 (23)      ; 0                 ; 0            ; 0       ; 0         ; 0         ; 27   ; 0            ; |controle            ; work         ;
;    |regn:reg1|             ; 0 (0)             ; 4 (4)        ; 0                 ; 0            ; 0       ; 0         ; 0         ; 0    ; 0            ; |controle|regn:reg1  ; work         ;
;    |regn:reg2|             ; 0 (0)             ; 4 (4)        ; 0                 ; 0            ; 0       ; 0         ; 0         ; 0    ; 0            ; |controle|regn:reg2  ; work         ;
;    |regn:reg3|             ; 0 (0)             ; 4 (4)        ; 0                 ; 0            ; 0       ; 0         ; 0         ; 0    ; 0            ; |controle|regn:reg3  ; work         ;
;    |regn:regT1|            ; 0 (0)             ; 4 (4)        ; 0                 ; 0            ; 0       ; 0         ; 0         ; 0    ; 0            ; |controle|regn:regT1 ; work         ;
;    |regn:regT2|            ; 0 (0)             ; 4 (4)        ; 0                 ; 0            ; 0       ; 0         ; 0         ; 0    ; 0            ; |controle|regn:regT2 ; work         ;
;    |trin:tri1|             ; 9 (9)             ; 0 (0)        ; 0                 ; 0            ; 0       ; 0         ; 0         ; 0    ; 0            ; |controle|trin:tri1  ; work         ;
;    |ula:opula|             ; 5 (5)             ; 0 (0)        ; 0                 ; 0            ; 0       ; 0         ; 0         ; 0    ; 0            ; |controle|ula:opula  ; work         ;
+----------------------------+-------------------+--------------+-------------------+--------------+---------+-----------+-----------+------+--------------+----------------------+--------------+
Note: For table entries with two numbers listed, the numbers in parentheses indicate the number of resources of the given type used by the specific entity alone. The numbers listed outside of parentheses indicate the total resources of the given type used by the specific entity and all of its sub-entities in the hierarchy.


Encoding Type:  One-Hot
+-----------------------------------------------------------------------------------------------------------------------------+
; State Machine - |controle|w                                                                                                 ;
+-----------+---------+---------+---------+---------+--------+--------+--------+--------+--------+--------+-------+-----------+
; Name      ; w.final ; w.xchg3 ; w.xchg2 ; w.xchg1 ; w.sub3 ; w.sub2 ; w.sub1 ; w.add3 ; w.add2 ; w.add1 ; w.mov ; w.inicial ;
+-----------+---------+---------+---------+---------+--------+--------+--------+--------+--------+--------+-------+-----------+
; w.inicial ; 0       ; 0       ; 0       ; 0       ; 0      ; 0      ; 0      ; 0      ; 0      ; 0      ; 0     ; 0         ;
; w.mov     ; 0       ; 0       ; 0       ; 0       ; 0      ; 0      ; 0      ; 0      ; 0      ; 0      ; 1     ; 1         ;
; w.add1    ; 0       ; 0       ; 0       ; 0       ; 0      ; 0      ; 0      ; 0      ; 0      ; 1      ; 0     ; 1         ;
; w.add2    ; 0       ; 0       ; 0       ; 0       ; 0      ; 0      ; 0      ; 0      ; 1      ; 0      ; 0     ; 1         ;
; w.add3    ; 0       ; 0       ; 0       ; 0       ; 0      ; 0      ; 0      ; 1      ; 0      ; 0      ; 0     ; 1         ;
; w.sub1    ; 0       ; 0       ; 0       ; 0       ; 0      ; 0      ; 1      ; 0      ; 0      ; 0      ; 0     ; 1         ;
; w.sub2    ; 0       ; 0       ; 0       ; 0       ; 0      ; 1      ; 0      ; 0      ; 0      ; 0      ; 0     ; 1         ;
; w.sub3    ; 0       ; 0       ; 0       ; 0       ; 1      ; 0      ; 0      ; 0      ; 0      ; 0      ; 0     ; 1         ;
; w.xchg1   ; 0       ; 0       ; 0       ; 1       ; 0      ; 0      ; 0      ; 0      ; 0      ; 0      ; 0     ; 1         ;
; w.xchg2   ; 0       ; 0       ; 1       ; 0       ; 0      ; 0      ; 0      ; 0      ; 0      ; 0      ; 0     ; 1         ;
; w.xchg3   ; 0       ; 1       ; 0       ; 0       ; 0      ; 0      ; 0      ; 0      ; 0      ; 0      ; 0     ; 1         ;
; w.final   ; 1       ; 0       ; 0       ; 0       ; 0      ; 0      ; 0      ; 0      ; 0      ; 0      ; 0     ; 1         ;
+-----------+---------+---------+---------+---------+--------+--------+--------+--------+--------+--------+-------+-----------+


+------------------------------------------------------+
; General Register Statistics                          ;
+----------------------------------------------+-------+
; Statistic                                    ; Value ;
+----------------------------------------------+-------+
; Total registers                              ; 43    ;
; Number of registers using Synchronous Clear  ; 0     ;
; Number of registers using Synchronous Load   ; 0     ;
; Number of registers using Asynchronous Clear ; 12    ;
; Number of registers using Asynchronous Load  ; 0     ;
; Number of registers using Clock Enable       ; 31    ;
; Number of registers using Preset             ; 0     ;
+----------------------------------------------+-------+


+------------------------------------------------------------------------------------------------------------------------------------------+
; Multiplexer Restructuring Statistics (Restructuring Performed)                                                                           ;
+--------------------+-----------+---------------+----------------------+------------------------+------------+----------------------------+
; Multiplexer Inputs ; Bus Width ; Baseline Area ; Area if Restructured ; Saving if Restructured ; Registered ; Example Multiplexer Output ;
+--------------------+-----------+---------------+----------------------+------------------------+------------+----------------------------+
; 3:1                ; 4 bits    ; 8 ALUTs       ; 8 ALUTs              ; 0 ALUTs                ; No         ; |controle|w~12             ;
+--------------------+-----------+---------------+----------------------+------------------------+------------+----------------------------+


+--------------------------------------------------------+
; Parameter Settings for User Entity Instance: regn:reg1 ;
+----------------+-------+-------------------------------+
; Parameter Name ; Value ; Type                          ;
+----------------+-------+-------------------------------+
; n              ; 4     ; Signed Integer                ;
+----------------+-------+-------------------------------+
Note: In order to hide this table in the UI and the text report file, please set the "Show Parameter Settings Tables in Synthesis Report" option in "Analysis and Synthesis Settings -> More Settings" to "Off".


+--------------------------------------------------------+
; Parameter Settings for User Entity Instance: trin:tri1 ;
+----------------+-------+-------------------------------+
; Parameter Name ; Value ; Type                          ;
+----------------+-------+-------------------------------+
; n              ; 4     ; Signed Integer                ;
+----------------+-------+-------------------------------+
Note: In order to hide this table in the UI and the text report file, please set the "Show Parameter Settings Tables in Synthesis Report" option in "Analysis and Synthesis Settings -> More Settings" to "Off".


+--------------------------------------------------------+
; Parameter Settings for User Entity Instance: regn:reg2 ;
+----------------+-------+-------------------------------+
; Parameter Name ; Value ; Type                          ;
+----------------+-------+-------------------------------+
; n              ; 4     ; Signed Integer                ;
+----------------+-------+-------------------------------+
Note: In order to hide this table in the UI and the text report file, please set the "Show Parameter Settings Tables in Synthesis Report" option in "Analysis and Synthesis Settings -> More Settings" to "Off".


+--------------------------------------------------------+
; Parameter Settings for User Entity Instance: trin:tri2 ;
+----------------+-------+-------------------------------+
; Parameter Name ; Value ; Type                          ;
+----------------+-------+-------------------------------+
; n              ; 4     ; Signed Integer                ;
+----------------+-------+-------------------------------+
Note: In order to hide this table in the UI and the text report file, please set the "Show Parameter Settings Tables in Synthesis Report" option in "Analysis and Synthesis Settings -> More Settings" to "Off".


+--------------------------------------------------------+
; Parameter Settings for User Entity Instance: regn:reg3 ;
+----------------+-------+-------------------------------+
; Parameter Name ; Value ; Type                          ;
+----------------+-------+-------------------------------+
; n              ; 4     ; Signed Integer                ;
+----------------+-------+-------------------------------+
Note: In order to hide this table in the UI and the text report file, please set the "Show Parameter Settings Tables in Synthesis Report" option in "Analysis and Synthesis Settings -> More Settings" to "Off".


+--------------------------------------------------------+
; Parameter Settings for User Entity Instance: trin:tri3 ;
+----------------+-------+-------------------------------+
; Parameter Name ; Value ; Type                          ;
+----------------+-------+-------------------------------+
; n              ; 4     ; Signed Integer                ;
+----------------+-------+-------------------------------+
Note: In order to hide this table in the UI and the text report file, please set the "Show Parameter Settings Tables in Synthesis Report" option in "Analysis and Synthesis Settings -> More Settings" to "Off".


+---------------------------------------------------------+
; Parameter Settings for User Entity Instance: regn:regT1 ;
+----------------+-------+--------------------------------+
; Parameter Name ; Value ; Type                           ;
+----------------+-------+--------------------------------+
; n              ; 4     ; Signed Integer                 ;
+----------------+-------+--------------------------------+
Note: In order to hide this table in the UI and the text report file, please set the "Show Parameter Settings Tables in Synthesis Report" option in "Analysis and Synthesis Settings -> More Settings" to "Off".


+---------------------------------------------------------+
; Parameter Settings for User Entity Instance: trin:triT1 ;
+----------------+-------+--------------------------------+
; Parameter Name ; Value ; Type                           ;
+----------------+-------+--------------------------------+
; n              ; 4     ; Signed Integer                 ;
+----------------+-------+--------------------------------+
Note: In order to hide this table in the UI and the text report file, please set the "Show Parameter Settings Tables in Synthesis Report" option in "Analysis and Synthesis Settings -> More Settings" to "Off".


+---------------------------------------------------------+
; Parameter Settings for User Entity Instance: regn:regT2 ;
+----------------+-------+--------------------------------+
; Parameter Name ; Value ; Type                           ;
+----------------+-------+--------------------------------+
; n              ; 4     ; Signed Integer                 ;
+----------------+-------+--------------------------------+
Note: In order to hide this table in the UI and the text report file, please set the "Show Parameter Settings Tables in Synthesis Report" option in "Analysis and Synthesis Settings -> More Settings" to "Off".


+---------------------------------------------------------+
; Parameter Settings for User Entity Instance: trin:triT2 ;
+----------------+-------+--------------------------------+
; Parameter Name ; Value ; Type                           ;
+----------------+-------+--------------------------------+
; n              ; 4     ; Signed Integer                 ;
+----------------+-------+--------------------------------+
Note: In order to hide this table in the UI and the text report file, please set the "Show Parameter Settings Tables in Synthesis Report" option in "Analysis and Synthesis Settings -> More Settings" to "Off".


+-------------------------------+
; Analysis & Synthesis Messages ;
+-------------------------------+
Info: *******************************************************************
Info: Running Quartus II Analysis & Synthesis
    Info: Version 9.0 Build 184 04/29/2009 Service Pack 1 SJ Web Edition
    Info: Processing started: Mon Apr 02 09:03:04 2012
Info: Command: quartus_map --read_settings_files=on --write_settings_files=off controle -c controle
Info: Found 2 design units, including 1 entities, in source file controle.vhd
    Info: Found design unit 1: controle-Behavior
    Info: Found entity 1: controle
Info: Found 1 design units, including 0 entities, in source file work/components.vhd
    Info: Found design unit 1: components
Info: Found 2 design units, including 1 entities, in source file work/regn.vhd
    Info: Found design unit 1: regn-Behavior
    Info: Found entity 1: regn
Info: Found 2 design units, including 1 entities, in source file work/trin.vhd
    Info: Found design unit 1: trin-Behavior
    Info: Found entity 1: trin
Info: Found 2 design units, including 1 entities, in source file work/ula.vhd
    Info: Found design unit 1: ula-Behavioral
    Info: Found entity 1: ula
Info: Elaborating entity "controle" for the top level hierarchy
Info: Elaborating entity "regn" for hierarchy "regn:reg1"
Info: Elaborating entity "trin" for hierarchy "trin:tri1"
Info: Elaborating entity "ula" for hierarchy "ula:opula"
Info: Implemented 85 device resources after synthesis - the final resource count might be different
    Info: Implemented 11 input pins
    Info: Implemented 12 output pins
    Info: Implemented 4 bidirectional pins
    Info: Implemented 58 logic cells
Info: Quartus II Analysis & Synthesis was successful. 0 errors, 0 warnings
    Info: Peak virtual memory: 191 megabytes
    Info: Processing ended: Mon Apr 02 09:03:06 2012
    Info: Elapsed time: 00:00:02
    Info: Total CPU time (on all processors): 00:00:01


